mode: atomic
sentinel/api.go:15.37,20.44 3 19
sentinel/api.go:20.44,21.67 1 4
sentinel/api.go:21.67,24.4 1 2
sentinel/api.go:24.9,25.121 1 2
sentinel/api.go:29.2,33.55 3 17
sentinel/api.go:33.55,37.3 3 4
sentinel/api.go:38.2,58.17 10 13
sentinel/api.go:63.24,68.38 4 2
sentinel/api.go:68.38,70.3 1 3
sentinel/api.go:71.2,71.14 1 2
sentinel/api.go:76.26,81.2 4 15
sentinel/metadata.go:33.62,38.2 4 2
sentinel/metadata.go:41.62,47.55 4 0
sentinel/metadata.go:47.55,50.3 2 0
sentinel/metadata.go:51.2,61.17 6 0
sentinel/metadata.go:65.59,73.2 2 13
sentinel/metadata.go:76.59,79.29 2 14
sentinel/metadata.go:79.29,81.3 1 0
sentinel/metadata.go:83.2,83.32 1 14
sentinel/metadata.go:83.32,85.3 1 0
sentinel/metadata.go:87.2,87.36 1 14
sentinel/metadata.go:87.36,90.26 2 52
sentinel/metadata.go:90.26,91.12 1 6
sentinel/metadata.go:95.3,101.37 2 46
sentinel/metadata.go:104.2,104.15 1 14
sentinel/metadata.go:109.41,110.14 1 33
sentinel/metadata.go:110.14,112.3 1 1
sentinel/metadata.go:113.2,113.29 1 32
sentinel/metadata.go:113.29,115.3 1 1
sentinel/metadata.go:116.2,116.14 1 32
sentinel/metadata.go:116.14,118.3 1 0
sentinel/metadata.go:119.2,119.17 1 32
sentinel/metadata.go:122.66,126.47 2 48
sentinel/metadata.go:126.47,128.3 1 32
sentinel/metadata.go:131.2,134.38 3 48
sentinel/metadata.go:134.38,135.49 1 188
sentinel/metadata.go:135.49,137.4 1 22
sentinel/metadata.go:140.2,140.13 1 48
sentinel/observability.go:28.14,31.2 0 1
sentinel/observability.go:34.70,45.37 3 27
sentinel/observability.go:45.37,51.3 1 0
sentinel/observability.go:55.35,59.2 1 16
sentinel/observability.go:62.36,66.2 1 25
sentinel/observability.go:69.41,73.2 1 29
